<?xml version="1.0" encoding="UTF-8"?>
<testng-results ignored="0" total="2" passed="2" failed="0" skipped="0">
  <reporter-output>
  </reporter-output>
  <suite started-at="2025-02-10T20:03:25 IST" name="Surefire suite" finished-at="2025-02-10T20:03:46 IST" duration-ms="21875">
    <groups>
    </groups>
    <test started-at="2025-02-10T20:03:25 IST" name="Surefire test" finished-at="2025-02-10T20:03:46 IST" duration-ms="21875">
      <class name="maven_appium_testing.CalculatorTest">
        <test-method signature="testAddition()" started-at="2025-02-10T20:03:25 IST" name="testAddition" finished-at="2025-02-10T20:03:37 IST" duration-ms="12318" status="PASS">
          <reporter-output>
          </reporter-output>
        </test-method> <!-- testAddition -->
      </class> <!-- maven_appium_testing.CalculatorTest -->
      <class name="maven_appium_testing.MovieAppTest">
        <test-method signature="apiResponseTest()" started-at="2025-02-10T20:03:37 IST" name="apiResponseTest" finished-at="2025-02-10T20:03:46 IST" duration-ms="9470" status="PASS">
          <reporter-output>
          </reporter-output>
        </test-method> <!-- apiResponseTest -->
      </class> <!-- maven_appium_testing.MovieAppTest -->
    </test> <!-- Surefire test -->
  </suite> <!-- Surefire suite -->
</testng-results>
