<?xml version="1.0" encoding="UTF-8"?>
<!-- Generated by org.testng.reporters.JUnitXMLReporter -->
<testsuite ignored="0" hostname="Jay" failures="0" tests="2" name="Surefire test" time="21.875" errors="0" timestamp="2025-02-10T20:03:46 IST">
  <testcase classname="maven_appium_testing.CalculatorTest" name="testAddition on testAddition(maven_appium_testing.CalculatorTest)" time="12.318"/>
  <testcase classname="maven_appium_testing.MovieAppTest" name="apiResponseTest on apiResponseTest(maven_appium_testing.MovieAppTest)" time="9.47"/>
</testsuite> <!-- Surefire test -->
